CRITICAL - 2025-04-15 15:14:43 --> ErrorException: Undefined variable $posts
[Method: GET, Route: admin/posts]
in APPPATH\Views\admin\posts.php on line 25.
 1 APPPATH\Views\admin\posts.php(25): CodeIgniter\Debug\Exceptions->errorHandler(2, 'Undefined variable $posts', 'C:\\Users\\user\\Desktop\\github\\CI_Post2Approval\\app\\Views\\admin\\posts.php', 25)
 2 SYSTEMPATH\View\View.php(224): include('C:\\Users\\user\\Desktop\\github\\CI_Post2Approval\\app\\Views\\admin\\posts.php')
 3 SYSTEMPATH\View\View.php(227): CodeIgniter\View\View->{closure:CodeIgniter\View\View::render():221}()
 4 SYSTEMPATH\Common.php(1173): CodeIgniter\View\View->render('admin/posts', [], true)
 5 APPPATH\Controllers\admin\PostsController.php(56): view('admin/posts')
 6 SYSTEMPATH\CodeIgniter.php(933): App\Controllers\admin\PostsController->view()
 7 SYSTEMPATH\CodeIgniter.php(507): CodeIgniter\CodeIgniter->runController(Object(App\Controllers\admin\PostsController))
 8 SYSTEMPATH\CodeIgniter.php(354): CodeIgniter\CodeIgniter->handleRequest(null, Object(Config\Cache), false)
 9 SYSTEMPATH\Boot.php(334): CodeIgniter\CodeIgniter->run()
10 SYSTEMPATH\Boot.php(67): CodeIgniter\Boot::runCodeIgniter(Object(CodeIgniter\CodeIgniter))
11 FCPATH\index.php(56): CodeIgniter\Boot::bootWeb(Object(Config\Paths))
12 SYSTEMPATH\rewrite.php(44): require_once('C:\\Users\\user\\Desktop\\github\\CI_Post2Approval\\public\\index.php')
CRITICAL - 2025-04-15 15:15:11 --> ErrorException: Undefined variable $posts
[Method: GET, Route: admin/posts]
in APPPATH\Views\admin\posts.php on line 25.
 1 APPPATH\Views\admin\posts.php(25): CodeIgniter\Debug\Exceptions->errorHandler(2, 'Undefined variable $posts', 'C:\\Users\\user\\Desktop\\github\\CI_Post2Approval\\app\\Views\\admin\\posts.php', 25)
 2 SYSTEMPATH\View\View.php(224): include('C:\\Users\\user\\Desktop\\github\\CI_Post2Approval\\app\\Views\\admin\\posts.php')
 3 SYSTEMPATH\View\View.php(227): CodeIgniter\View\View->{closure:CodeIgniter\View\View::render():221}()
 4 SYSTEMPATH\Common.php(1173): CodeIgniter\View\View->render('admin/posts', [], true)
 5 APPPATH\Controllers\admin\PostsController.php(56): view('admin/posts')
 6 SYSTEMPATH\CodeIgniter.php(933): App\Controllers\admin\PostsController->view()
 7 SYSTEMPATH\CodeIgniter.php(507): CodeIgniter\CodeIgniter->runController(Object(App\Controllers\admin\PostsController))
 8 SYSTEMPATH\CodeIgniter.php(354): CodeIgniter\CodeIgniter->handleRequest(null, Object(Config\Cache), false)
 9 SYSTEMPATH\Boot.php(334): CodeIgniter\CodeIgniter->run()
10 SYSTEMPATH\Boot.php(67): CodeIgniter\Boot::runCodeIgniter(Object(CodeIgniter\CodeIgniter))
11 FCPATH\index.php(56): CodeIgniter\Boot::bootWeb(Object(Config\Paths))
12 SYSTEMPATH\rewrite.php(44): require_once('C:\\Users\\user\\Desktop\\github\\CI_Post2Approval\\public\\index.php')
CRITICAL - 2025-04-15 15:15:12 --> ErrorException: Undefined variable $posts
[Method: GET, Route: admin/posts]
in APPPATH\Views\admin\posts.php on line 25.
 1 APPPATH\Views\admin\posts.php(25): CodeIgniter\Debug\Exceptions->errorHandler(2, 'Undefined variable $posts', 'C:\\Users\\user\\Desktop\\github\\CI_Post2Approval\\app\\Views\\admin\\posts.php', 25)
 2 SYSTEMPATH\View\View.php(224): include('C:\\Users\\user\\Desktop\\github\\CI_Post2Approval\\app\\Views\\admin\\posts.php')
 3 SYSTEMPATH\View\View.php(227): CodeIgniter\View\View->{closure:CodeIgniter\View\View::render():221}()
 4 SYSTEMPATH\Common.php(1173): CodeIgniter\View\View->render('admin/posts', [], true)
 5 APPPATH\Controllers\admin\PostsController.php(56): view('admin/posts')
 6 SYSTEMPATH\CodeIgniter.php(933): App\Controllers\admin\PostsController->view()
 7 SYSTEMPATH\CodeIgniter.php(507): CodeIgniter\CodeIgniter->runController(Object(App\Controllers\admin\PostsController))
 8 SYSTEMPATH\CodeIgniter.php(354): CodeIgniter\CodeIgniter->handleRequest(null, Object(Config\Cache), false)
 9 SYSTEMPATH\Boot.php(334): CodeIgniter\CodeIgniter->run()
10 SYSTEMPATH\Boot.php(67): CodeIgniter\Boot::runCodeIgniter(Object(CodeIgniter\CodeIgniter))
11 FCPATH\index.php(56): CodeIgniter\Boot::bootWeb(Object(Config\Paths))
12 SYSTEMPATH\rewrite.php(44): require_once('C:\\Users\\user\\Desktop\\github\\CI_Post2Approval\\public\\index.php')
CRITICAL - 2025-04-15 15:15:55 --> ErrorException: Undefined variable $posts
[Method: GET, Route: admin/posts]
in APPPATH\Views\admin\posts.php on line 25.
 1 APPPATH\Views\admin\posts.php(25): CodeIgniter\Debug\Exceptions->errorHandler(2, 'Undefined variable $posts', 'C:\\Users\\user\\Desktop\\github\\CI_Post2Approval\\app\\Views\\admin\\posts.php', 25)
 2 SYSTEMPATH\View\View.php(224): include('C:\\Users\\user\\Desktop\\github\\CI_Post2Approval\\app\\Views\\admin\\posts.php')
 3 SYSTEMPATH\View\View.php(227): CodeIgniter\View\View->{closure:CodeIgniter\View\View::render():221}()
 4 SYSTEMPATH\Common.php(1173): CodeIgniter\View\View->render('admin/posts', [], true)
 5 APPPATH\Controllers\admin\PostsController.php(56): view('admin/posts')
 6 SYSTEMPATH\CodeIgniter.php(933): App\Controllers\admin\PostsController->view()
 7 SYSTEMPATH\CodeIgniter.php(507): CodeIgniter\CodeIgniter->runController(Object(App\Controllers\admin\PostsController))
 8 SYSTEMPATH\CodeIgniter.php(354): CodeIgniter\CodeIgniter->handleRequest(null, Object(Config\Cache), false)
 9 SYSTEMPATH\Boot.php(334): CodeIgniter\CodeIgniter->run()
10 SYSTEMPATH\Boot.php(67): CodeIgniter\Boot::runCodeIgniter(Object(CodeIgniter\CodeIgniter))
11 FCPATH\index.php(56): CodeIgniter\Boot::bootWeb(Object(Config\Paths))
12 SYSTEMPATH\rewrite.php(44): require_once('C:\\Users\\user\\Desktop\\github\\CI_Post2Approval\\public\\index.php')
